$ astro build
[2m19:51:02[22m [34m[starlight-site-graph-integration][39m Retrieving links from Markdown content (with patterns **/*)
[2m19:51:02[22m [34m[starlight-site-graph-integration][39m Ignoring following Starlight links in sitemap: !/syv/, **/*/
19:51:04 [ERROR] [starlight-site-graph-integration] Failed to retrieve links from Markdown content, reason: TypeError: path2.startsWith is not a function
[2m19:51:05[22m [34m[content][39m Syncing content
[2m19:51:05[22m [34m[content][39m Synced content
[2m19:51:05[22m [34m[types][39m Generated [2m1.32s[22m
[2m19:51:05[22m [34m[build][39m output: [34m"static"[39m
[2m19:51:05[22m [34m[build][39m mode: [34m"static"[39m
[2m19:51:05[22m [34m[build][39m directory: [34mC:\Users\gcave\Dev\syv\dist\[39m
[2m19:51:05[22m [34m[build][39m Collecting build info...
[2m19:51:05[22m [34m[build][39m [32mÃ”Â£Ã´ Completed in 4.44s.[39m
[2m19:51:05[22m [34m[build][39m Building static entrypoints...
19:51:08 [ERROR] [vite] Ã”Â£Ã¹ Build failed in 2.81s
[vite]: Rollup failed to resolve import "virtual:starlight-site-graph/config" from "C:/Users/gcave/Dev/syv/node_modules/.pnpm/starlight-site-graph@0.5.0__9aba0ec408698b57385537b4baf4dd1b/node_modules/starlight-site-graph/components/backlinks/PageBacklinks.astro".
This is most likely unintended because it can break your application at runtime.
If you do want to externalize this module explicitly add it to
`build.rollupOptions.external`
  Stack trace:
    at viteLog (file:///C:/Users/gcave/Dev/syv/node_modules/.pnpm/vite@6.4.1_@types+node@24.10.2_yaml@2.8.2/node_modules/vite/dist/node/chunks/dep-D4NMHUTW.js:46374:15)
    at onLog (file:///C:/Users/gcave/Dev/syv/node_modules/.pnpm/vite@6.4.1_@types+node@24.10.2_yaml@2.8.2/node_modules/vite/dist/node/chunks/dep-D4NMHUTW.js:46072:7)
    at Object.logger [as onLog] (file:///C:/Users/gcave/Dev/syv/node_modules/.pnpm/rollup@4.53.3/node_modules/rollup/dist/es/shared/node-entry.js:22848:9)
    at file:///C:/Users/gcave/Dev/syv/node_modules/.pnpm/rollup@4.53.3/node_modules/rollup/dist/es/shared/node-entry.js:21550:26
error: script "astro" exited with code 1
